\BOOKMARK [2][-]{section*.1}{\376\377\0002\000.\000\040\000D\000a\000t\000a\000\040\000P\000a\000r\000t\000i\000t\000i\000o\000n\000i\000n\000g}{}% 1
\BOOKMARK [2][-]{section*.2}{\376\377\0003\000.\000\040\000Q\000u\000e\000r\000y\000\040\000P\000r\000o\000c\000e\000s\000s\000i\000n\000g}{}% 2
\BOOKMARK [3][-]{section*.3}{\376\377\000R\000e\000d\000u\000c\000t\000i\000o\000n\000\040\000T\000e\000c\000h\000n\000i\000q\000u\000e\000s}{section*.2}% 3
\BOOKMARK [3][-]{section*.4}{\376\377\000J\000o\000i\000n\000\040\000S\000t\000r\000a\000t\000e\000g\000i\000e\000s\000\040\000f\000o\000r\000\040\000R\000\040\000-\0003\000m\000u\000a\000\040\000S}{section*.2}% 4
\BOOKMARK [2][-]{section*.5}{\376\377\0004\000.\000\040\000Q\000u\000e\000r\000y\000\040\000O\000p\000t\000i\000m\000i\000z\000a\000t\000i\000o\000n}{}% 5
\BOOKMARK [3][-]{section*.6}{\376\377\000S\000e\000l\000e\000c\000t\000i\000v\000i\000t\000y\000\040\000F\000a\000c\000t\000o\000r}{section*.5}% 6
\BOOKMARK [3][-]{section*.7}{\376\377\000C\000o\000s\000t\000\040\000e\000s\000t\000i\000m\000a\000t\000i\000o\000n}{section*.5}% 7
\BOOKMARK [3][-]{section*.8}{\376\377\000O\000p\000t\000i\000m\000i\000z\000a\000t\000i\000o\000n\000\040\000w\000/\000\040\000S\000e\000m\000i\000-\000J\000o\000i\000n\000s}{section*.5}% 8
\BOOKMARK [3][-]{section*.9}{\376\377\000G\000r\000o\000u\000p\000-\000B\000y\000\040\000O\000p\000t\000i\000m\000i\000z\000a\000t\000i\000o\000n}{section*.5}% 9
\BOOKMARK [2][-]{section*.10}{\376\377\0005\000.\000\040\000S\000t\000o\000r\000a\000g\000e}{}% 10
\BOOKMARK [3][-]{section*.11}{\376\377\000L\000o\000g\000-\000S\000t\000r\000u\000c\000t\000u\000r\000e\000d\000\040\000M\000e\000r\000g\000e\000\040\000T\000a\000b\000l\000e}{section*.10}% 11
\BOOKMARK [3][-]{section*.12}{\376\377\000L\000S\000M\000\040\000C\000o\000m\000p\000a\000c\000t\000i\000o\000n}{section*.10}% 12
\BOOKMARK [3][-]{section*.13}{\376\377\000L\000S\000M\000\040\000S\000e\000a\000r\000c\000h\000\040\000O\000p\000t\000i\000m\000i\000z\000a\000t\000i\000o\000n}{section*.10}% 13
\BOOKMARK [3][-]{section*.14}{\376\377\000I\000n\000d\000e\000x\000i\000n\000g}{section*.10}% 14
\BOOKMARK [2][-]{section*.15}{\376\377\0006\000.\000\040\000C\000o\000m\000m\000i\000t\000\040\000P\000r\000o\000t\000o\000c\000o\000l\000s}{}% 15
\BOOKMARK [3][-]{section*.16}{\376\377\0002\000P\000C\000\040\000P\000r\000o\000t\000o\000c\000o\000l}{section*.15}% 16
\BOOKMARK [3][-]{section*.17}{\376\377\0003\000P\000C\000-\0001\000\040\000P\000r\000o\000t\000o\000c\000o\000l}{section*.15}% 17
\BOOKMARK [3][-]{section*.18}{\376\377\0003\000P\000C\000-\0002\000\040\000P\000r\000o\000t\000o\000c\000o\000l}{section*.15}% 18
\BOOKMARK [2][-]{section*.19}{\376\377\0007\000.\000\040\000C\000o\000n\000c\000u\000r\000r\000e\000n\000c\000y\000\040\000C\000o\000n\000t\000r\000o\000l}{}% 19
\BOOKMARK [3][-]{section*.20}{\376\377\000R\000e\000v\000i\000s\000i\000o\000n}{section*.19}% 20
\BOOKMARK [3][-]{section*.21}{\376\377\000D\000i\000s\000t\000r\000i\000b\000u\000t\000e\000d\000\040\000C\000C}{section*.19}% 21
\BOOKMARK [2][-]{section*.22}{\376\377\0008\000.\000\040\000R\000e\000p\000l\000i\000c\000a\000t\000i\000o\000n}{}% 22
\BOOKMARK [3][-]{section*.23}{\376\377\000H\000a\000n\000d\000l\000i\000n\000g\000\040\000F\000a\000i\000l\000u\000r\000e\000s}{section*.22}% 23
\BOOKMARK [3][-]{section*.24}{\376\377\000Q\000u\000o\000r\000u\000m\000\040\000C\000o\000n\000s\000e\000n\000s\000u\000s\000\040\000P\000r\000o\000t\000o\000c\000o\000l}{section*.22}% 24
\BOOKMARK [2][-]{section*.25}{\376\377\0009\000.\000\040\000C\000o\000n\000s\000i\000s\000t\000e\000n\000c\000y}{}% 25
\BOOKMARK [3][-]{section*.26}{\376\377\000P\000i\000l\000e\000u\000s}{section*.25}% 26
\BOOKMARK [2][-]{section*.27}{\376\377\0001\0000\000.\000\040\000R\000a\000f\000t\000\040\000C\000o\000n\000s\000e\000n\000s\000u\000s}{}% 27
\BOOKMARK [3][-]{section*.28}{\376\377\000S\000e\000r\000v\000e\000r\000\040\000S\000t\000a\000t\000e}{section*.27}% 28
\BOOKMARK [3][-]{section*.29}{\376\377\000R\000P\000C\000s\000\040\000\046\000\040\000T\000i\000m\000e\000r\000s}{section*.27}% 29
\BOOKMARK [3][-]{section*.30}{\376\377\000L\000e\000a\000d\000e\000r\000\040\000E\000l\000e\000c\000t\000i\000o\000n}{section*.27}% 30
\BOOKMARK [3][-]{section*.31}{\376\377\000L\000o\000g\000\040\000R\000e\000p\000l\000i\000c\000a\000t\000i\000o\000n}{section*.27}% 31
\BOOKMARK [3][-]{section*.32}{\376\377\000E\000x\000a\000m\000p\000l\000e\000\040\000S\000c\000e\000n\000a\000r\000i\000o}{section*.27}% 32
